<?xml version="1.0" encoding="UTF-8"?>
<!-- Generated by org.testng.reporters.JUnitReportReporter -->
<testsuite hostname="DESKTOP-KABL7D7" failures="0" tests="3" name="com.testNG.TestNG_Basics" time="0.030" errors="0" timestamp="2023-01-25T22:46:53 EST" skipped="0">
  <testcase classname="com.testNG.TestNG_Basics" name="amazonTitleTest" time="0.019"/>
  <system-out/>
  <testcase classname="com.testNG.TestNG_Basics" name="microsoftTitleTest" time="0.006"/>
  <system-out/>
  <testcase classname="com.testNG.TestNG_Basics" name="googleTitleTest" time="0.005"/>
  <system-out/>
</testsuite> <!-- com.testNG.TestNG_Basics -->
