<?xml version="1.0" encoding="UTF-8"?>
<!-- Generated by org.testng.reporters.JUnitReportReporter -->
<testsuite hostname="DESKTOP-KABL7D7" failures="0" tests="3" name="com.testNG.TestNG_1" time="0.185" errors="0" timestamp="2023-01-25T14:41:33 EST" skipped="0">
  <testcase classname="com.testNG.TestNG_1" name="microsoftTitleTest" time="0.055"/>
  <system-out/>
  <testcase classname="com.testNG.TestNG_1" name="amazonTitleTest" time="0.105"/>
  <system-out/>
  <testcase classname="com.testNG.TestNG_1" name="googleTitleTest" time="0.025"/>
  <system-out/>
</testsuite> <!-- com.testNG.TestNG_1 -->
