<?xml version="1.0" encoding="UTF-8"?>
<!-- Generated by org.testng.reporters.JUnitReportReporter -->
<testsuite hostname="DESKTOP-KABL7D7" failures="0" tests="5" name="com.testNG.TestNG_InvocationCount" time="16.912" errors="0" timestamp="2023-01-25T22:46:53 EST" skipped="0">
  <testcase classname="com.testNG.TestNG_InvocationCount" name="googleTitleTest" time="3.628"/>
  <system-out/>
  <testcase classname="com.testNG.TestNG_InvocationCount" name="googleTitleTest" time="3.218"/>
  <system-out/>
  <testcase classname="com.testNG.TestNG_InvocationCount" name="googleTitleTest" time="3.368"/>
  <system-out/>
  <testcase classname="com.testNG.TestNG_InvocationCount" name="googleTitleTest" time="3.366"/>
  <system-out/>
  <testcase classname="com.testNG.TestNG_InvocationCount" name="googleTitleTest" time="3.332"/>
  <system-out/>
</testsuite> <!-- com.testNG.TestNG_InvocationCount -->
