<?xml version="1.0" encoding="UTF-8"?>
<!-- Generated by org.testng.reporters.JUnitReportReporter -->
<testsuite hostname="DESKTOP-KABL7D7" failures="0" tests="6" name="com.testNG.TestNG_GroupBy" time="21.038" errors="0" timestamp="2023-01-25T22:46:53 EST" skipped="0">
  <testcase classname="com.testNG.TestNG_GroupBy" name="googleSearchTest" time="6.160"/>
  <system-out/>
  <testcase classname="com.testNG.TestNG_GroupBy" name="Test_5" time="2.972"/>
  <system-out/>
  <testcase classname="com.testNG.TestNG_GroupBy" name="googleLogoTest" time="3.039"/>
  <system-out/>
  <testcase classname="com.testNG.TestNG_GroupBy" name="googleTitleTest" time="3.083"/>
  <system-out/>
  <testcase classname="com.testNG.TestNG_GroupBy" name="Test_3" time="3.044"/>
  <system-out/>
  <testcase classname="com.testNG.TestNG_GroupBy" name="Test_4" time="2.740"/>
  <system-out/>
</testsuite> <!-- com.testNG.TestNG_GroupBy -->
