<?xml version="1.0" encoding="UTF-8"?>
<!-- Generated by org.testng.reporters.JUnitReportReporter -->
<testsuite hostname="DESKTOP-KABL7D7" failures="0" tests="3" name="com.testNG.TestNG_Priority" time="12.852" errors="0" timestamp="2023-01-25T22:46:53 EST" skipped="0">
  <testcase classname="com.testNG.TestNG_Priority" name="googleSearchTest" time="6.294"/>
  <system-out/>
  <testcase classname="com.testNG.TestNG_Priority" name="googleLogoTest" time="3.141"/>
  <system-out/>
  <testcase classname="com.testNG.TestNG_Priority" name="googleTitleTest" time="3.417"/>
  <system-out/>
</testsuite> <!-- com.testNG.TestNG_Priority -->
