<?xml version="1.0" encoding="UTF-8"?>
<!-- Generated by org.testng.reporters.JUnitReportReporter -->
<testsuite hostname="DESKTOP-KABL7D7" failures="0" tests="3" name="com.testNG.TestNG_2" time="9.788" errors="0" timestamp="2023-01-25T16:52:15 EST" skipped="0">
  <testcase classname="com.testNG.TestNG_2" name="googleTitleTest" time="3.571"/>
  <system-out/>
  <testcase classname="com.testNG.TestNG_2" name="googleLogoTest" time="2.603"/>
  <system-out/>
  <testcase classname="com.testNG.TestNG_2" name="googleSearchTest" time="3.614"/>
  <system-out/>
</testsuite> <!-- com.testNG.TestNG_2 -->
